{"/Users/scottsamson/Documents/Code/DnD Encounter Generator/api/src/app.ts": {"path":"/Users/scottsamson/Documents/Code/DnD Encounter Generator/api/src/app.ts","statementMap":{"0":{"start":{"line":63,"column":0},"end":{"line":63,"column":15}},"1":{"start":{"line":1,"column":72},"end":{"line":1,"column":null}},"2":{"start":{"line":2,"column":17},"end":{"line":2,"column":null}},"3":{"start":{"line":3,"column":54},"end":{"line":3,"column":null}},"4":{"start":{"line":5,"column":35},"end":{"line":5,"column":null}},"5":{"start":{"line":7,"column":12},"end":{"line":7,"column":null}},"6":{"start":{"line":8,"column":13},"end":{"line":8,"column":null}},"7":{"start":{"line":10,"column":0},"end":{"line":10,"column":17}},"8":{"start":{"line":12,"column":0},"end":{"line":12,"column":null}},"9":{"start":{"line":16,"column":0},"end":{"line":24,"column":null}},"10":{"start":{"line":17,"column":2},"end":{"line":23,"column":null}},"11":{"start":{"line":18,"column":4},"end":{"line":18,"column":null}},"12":{"start":{"line":19,"column":4},"end":{"line":19,"column":null}},"13":{"start":{"line":21,"column":4},"end":{"line":21,"column":null}},"14":{"start":{"line":22,"column":4},"end":{"line":22,"column":null}},"15":{"start":{"line":27,"column":0},"end":{"line":29,"column":null}},"16":{"start":{"line":28,"column":2},"end":{"line":28,"column":null}},"17":{"start":{"line":32,"column":0},"end":{"line":43,"column":null}},"18":{"start":{"line":33,"column":2},"end":{"line":42,"column":null}},"19":{"start":{"line":34,"column":4},"end":{"line":36,"column":null}},"20":{"start":{"line":35,"column":6},"end":{"line":35,"column":null}},"21":{"start":{"line":37,"column":33},"end":{"line":37,"column":null}},"22":{"start":{"line":38,"column":4},"end":{"line":38,"column":null}},"23":{"start":{"line":40,"column":4},"end":{"line":40,"column":null}},"24":{"start":{"line":41,"column":4},"end":{"line":41,"column":null}},"25":{"start":{"line":45,"column":0},"end":{"line":52,"column":null}},"26":{"start":{"line":46,"column":2},"end":{"line":51,"column":null}},"27":{"start":{"line":47,"column":4},"end":{"line":47,"column":null}},"28":{"start":{"line":49,"column":4},"end":{"line":49,"column":null}},"29":{"start":{"line":50,"column":4},"end":{"line":50,"column":null}},"30":{"start":{"line":57,"column":0},"end":{"line":61,"column":null}},"31":{"start":{"line":58,"column":2},"end":{"line":60,"column":null}},"32":{"start":{"line":59,"column":4},"end":{"line":59,"column":null}},"33":{"start":{"line":63,"column":15},"end":{"line":63,"column":null}}},"fnMap":{"0":{"name":"(anonymous_2)","decl":{"start":{"line":16,"column":8},"end":{"line":16,"column":15}},"loc":{"start":{"line":16,"column":44},"end":{"line":24,"column":null}}},"1":{"name":"(anonymous_3)","decl":{"start":{"line":27,"column":13},"end":{"line":27,"column":14}},"loc":{"start":{"line":27,"column":28},"end":{"line":29,"column":null}}},"2":{"name":"(anonymous_4)","decl":{"start":{"line":32,"column":25},"end":{"line":32,"column":32}},"loc":{"start":{"line":32,"column":46},"end":{"line":43,"column":null}}},"3":{"name":"(anonymous_5)","decl":{"start":{"line":45,"column":36},"end":{"line":45,"column":43}},"loc":{"start":{"line":45,"column":57},"end":{"line":52,"column":null}}},"4":{"name":"(anonymous_6)","decl":{"start":{"line":58,"column":19},"end":{"line":58,"column":null}},"loc":{"start":{"line":58,"column":19},"end":{"line":60,"column":null}}}},"branchMap":{"0":{"loc":{"start":{"line":8,"column":13},"end":{"line":8,"column":null}},"type":"binary-expr","locations":[{"start":{"line":8,"column":13},"end":{"line":8,"column":29}},{"start":{"line":8,"column":33},"end":{"line":8,"column":null}}]},"1":{"loc":{"start":{"line":34,"column":4},"end":{"line":36,"column":null}},"type":"if","locations":[{"start":{"line":34,"column":4},"end":{"line":36,"column":null}},{"start":{},"end":{}}]},"2":{"loc":{"start":{"line":57,"column":0},"end":{"line":61,"column":null}},"type":"if","locations":[{"start":{"line":57,"column":0},"end":{"line":61,"column":null}},{"start":{},"end":{}}]}},"s":{"0":1,"1":1,"2":1,"3":1,"4":1,"5":1,"6":1,"7":1,"8":1,"9":1,"10":6,"11":6,"12":5,"13":1,"14":1,"15":1,"16":1,"17":1,"18":2,"19":2,"20":1,"21":1,"22":1,"23":1,"24":1,"25":1,"26":2,"27":2,"28":1,"29":1,"30":1,"31":0,"32":0,"33":1},"f":{"0":6,"1":1,"2":2,"3":2,"4":0},"b":{"0":[1,1],"1":[1,1],"2":[0,1]}}
,"/Users/scottsamson/Documents/Code/DnD Encounter Generator/api/src/models/encounter.ts": {"path":"/Users/scottsamson/Documents/Code/DnD Encounter Generator/api/src/models/encounter.ts","statementMap":{"0":{"start":{"line":3,"column":21},"end":{"line":3,"column":null}},"1":{"start":{"line":4,"column":23},"end":{"line":4,"column":42}},"2":{"start":{"line":4,"column":51},"end":{"line":4,"column":61}},"3":{"start":{"line":4,"column":70},"end":{"line":4,"column":93}},"4":{"start":{"line":4,"column":102},"end":{"line":4,"column":120}}},"fnMap":{"0":{"name":"(anonymous_1)","decl":{"start":{"line":4,"column":4},"end":{"line":4,"column":16}},"loc":{"start":{"line":4,"column":122},"end":{"line":6,"column":null}}}},"branchMap":{},"s":{"0":1,"1":1,"2":1,"3":1,"4":1},"f":{"0":1},"b":{}}
,"/Users/scottsamson/Documents/Code/DnD Encounter Generator/api/src/models/monster.ts": {"path":"/Users/scottsamson/Documents/Code/DnD Encounter Generator/api/src/models/monster.ts","statementMap":{"0":{"start":{"line":3,"column":21},"end":{"line":3,"column":null}},"1":{"start":{"line":4,"column":23},"end":{"line":4,"column":34}},"2":{"start":{"line":4,"column":43},"end":{"line":4,"column":53}},"3":{"start":{"line":4,"column":62},"end":{"line":4,"column":86}},"4":{"start":{"line":4,"column":95},"end":{"line":4,"column":107}},"5":{"start":{"line":4,"column":116},"end":{"line":4,"column":130}}},"fnMap":{"0":{"name":"(anonymous_1)","decl":{"start":{"line":4,"column":4},"end":{"line":4,"column":16}},"loc":{"start":{"line":4,"column":132},"end":{"line":4,"column":null}}}},"branchMap":{},"s":{"0":11,"1":11,"2":11,"3":11,"4":11,"5":11},"f":{"0":11},"b":{}}
,"/Users/scottsamson/Documents/Code/DnD Encounter Generator/api/src/models/parameters.ts": {"path":"/Users/scottsamson/Documents/Code/DnD Encounter Generator/api/src/models/parameters.ts","statementMap":{"0":{"start":{"line":1,"column":21},"end":{"line":1,"column":null}},"1":{"start":{"line":3,"column":15},"end":{"line":3,"column":32}},"2":{"start":{"line":4,"column":15},"end":{"line":4,"column":37}},"3":{"start":{"line":5,"column":15},"end":{"line":5,"column":39}},"4":{"start":{"line":6,"column":15},"end":{"line":6,"column":39}},"5":{"start":{"line":7,"column":15},"end":{"line":7,"column":34}},"6":{"start":{"line":8,"column":15},"end":{"line":8,"column":34}}},"fnMap":{"0":{"name":"(anonymous_1)","decl":{"start":{"line":2,"column":4},"end":{"line":2,"column":null}},"loc":{"start":{"line":9,"column":6},"end":{"line":9,"column":null}}}},"branchMap":{},"s":{"0":15,"1":15,"2":15,"3":15,"4":15,"5":15,"6":15},"f":{"0":15},"b":{}}
,"/Users/scottsamson/Documents/Code/DnD Encounter Generator/api/src/services/database.service.ts": {"path":"/Users/scottsamson/Documents/Code/DnD Encounter Generator/api/src/services/database.service.ts","statementMap":{"0":{"start":{"line":5,"column":13},"end":{"line":5,"column":97}},"1":{"start":{"line":24,"column":22},"end":{"line":24,"column":null}},"2":{"start":{"line":13,"column":16},"end":{"line":13,"column":null}},"3":{"start":{"line":2,"column":25},"end":{"line":2,"column":null}},"4":{"start":{"line":3,"column":24},"end":{"line":3,"column":null}},"5":{"start":{"line":5,"column":97},"end":{"line":5,"column":null}},"6":{"start":{"line":7,"column":43},"end":{"line":7,"column":null}},"7":{"start":{"line":14,"column":3},"end":{"line":19,"column":null}},"8":{"start":{"line":15,"column":6},"end":{"line":18,"column":null}},"9":{"start":{"line":16,"column":9},"end":{"line":16,"column":null}},"10":{"start":{"line":17,"column":9},"end":{"line":17,"column":null}},"11":{"start":{"line":20,"column":3},"end":{"line":20,"column":null}},"12":{"start":{"line":25,"column":3},"end":{"line":25,"column":null}},"13":{"start":{"line":27,"column":28},"end":{"line":27,"column":54}},"14":{"start":{"line":28,"column":18},"end":{"line":28,"column":37}},"15":{"start":{"line":29,"column":34},"end":{"line":29,"column":70}},"16":{"start":{"line":30,"column":38},"end":{"line":30,"column":78}},"17":{"start":{"line":32,"column":3},"end":{"line":34,"column":null}},"18":{"start":{"line":33,"column":6},"end":{"line":33,"column":null}},"19":{"start":{"line":36,"column":39},"end":{"line":42,"column":null}},"20":{"start":{"line":44,"column":3},"end":{"line":44,"column":null}},"21":{"start":{"line":46,"column":26},"end":{"line":46,"column":null}},"22":{"start":{"line":48,"column":50},"end":{"line":48,"column":null}},"23":{"start":{"line":49,"column":54},"end":{"line":49,"column":null}},"24":{"start":{"line":51,"column":3},"end":{"line":51,"column":null}},"25":{"start":{"line":52,"column":3},"end":{"line":52,"column":null}},"26":{"start":{"line":54,"column":4},"end":{"line":54,"column":null}}},"fnMap":{"0":{"name":"ensureDatabaseConnection","decl":{"start":{"line":13,"column":16},"end":{"line":13,"column":null}},"loc":{"start":{"line":13,"column":16},"end":{"line":21,"column":null}}},"1":{"name":"(anonymous_8)","decl":{"start":{"line":15,"column":49},"end":{"line":15,"column":50}},"loc":{"start":{"line":15,"column":50},"end":{"line":18,"column":null}}},"2":{"name":"connectToDatabase","decl":{"start":{"line":24,"column":22},"end":{"line":24,"column":null}},"loc":{"start":{"line":24,"column":22},"end":{"line":55,"column":null}}}},"branchMap":{"0":{"loc":{"start":{"line":14,"column":3},"end":{"line":19,"column":null}},"type":"if","locations":[{"start":{"line":14,"column":3},"end":{"line":19,"column":null}},{"start":{},"end":{}}]},"1":{"loc":{"start":{"line":32,"column":3},"end":{"line":34,"column":null}},"type":"if","locations":[{"start":{"line":32,"column":3},"end":{"line":34,"column":null}},{"start":{},"end":{}}]},"2":{"loc":{"start":{"line":32,"column":7},"end":{"line":32,"column":95}},"type":"binary-expr","locations":[{"start":{"line":32,"column":7},"end":{"line":32,"column":28}},{"start":{"line":32,"column":28},"end":{"line":32,"column":39}},{"start":{"line":32,"column":39},"end":{"line":32,"column":66}},{"start":{"line":32,"column":66},"end":{"line":32,"column":95}}]}},"s":{"0":2,"1":2,"2":4,"3":4,"4":4,"5":4,"6":4,"7":4,"8":3,"9":1,"10":1,"11":4,"12":5,"13":5,"14":5,"15":5,"16":5,"17":5,"18":1,"19":4,"20":4,"21":3,"22":3,"23":3,"24":3,"25":3,"26":3},"f":{"0":4,"1":1,"2":5},"b":{"0":[3,1],"1":[1,4],"2":[5,4,4,4]}}
,"/Users/scottsamson/Documents/Code/DnD Encounter Generator/api/src/services/encounter.service.ts": {"path":"/Users/scottsamson/Documents/Code/DnD Encounter Generator/api/src/services/encounter.service.ts","statementMap":{"0":{"start":{"line":77,"column":22},"end":{"line":77,"column":41}},"1":{"start":{"line":10,"column":22},"end":{"line":10,"column":41}},"2":{"start":{"line":34,"column":16},"end":{"line":34,"column":33}},"3":{"start":{"line":44,"column":16},"end":{"line":44,"column":28}},"4":{"start":{"line":2,"column":23},"end":{"line":2,"column":null}},"5":{"start":{"line":3,"column":28},"end":{"line":3,"column":null}},"6":{"start":{"line":11,"column":45},"end":{"line":11,"column":47}},"7":{"start":{"line":12,"column":21},"end":{"line":12,"column":null}},"8":{"start":{"line":14,"column":4},"end":{"line":29,"column":null}},"9":{"start":{"line":17,"column":24},"end":{"line":17,"column":null}},"10":{"start":{"line":17,"column":47},"end":{"line":17,"column":null}},"11":{"start":{"line":18,"column":8},"end":{"line":18,"column":41}},"12":{"start":{"line":18,"column":34},"end":{"line":18,"column":41}},"13":{"start":{"line":19,"column":32},"end":{"line":19,"column":null}},"14":{"start":{"line":21,"column":32},"end":{"line":21,"column":null}},"15":{"start":{"line":21,"column":65},"end":{"line":21,"column":108}},"16":{"start":{"line":22,"column":8},"end":{"line":27,"column":null}},"17":{"start":{"line":24,"column":12},"end":{"line":24,"column":null}},"18":{"start":{"line":26,"column":12},"end":{"line":26,"column":null}},"19":{"start":{"line":28,"column":8},"end":{"line":28,"column":null}},"20":{"start":{"line":31,"column":4},"end":{"line":31,"column":null}},"21":{"start":{"line":37,"column":24},"end":{"line":37,"column":null}},"22":{"start":{"line":38,"column":4},"end":{"line":38,"column":null}},"23":{"start":{"line":41,"column":26},"end":{"line":41,"column":null}},"24":{"start":{"line":42,"column":28},"end":{"line":42,"column":null}},"25":{"start":{"line":45,"column":22},"end":{"line":45,"column":null}},"26":{"start":{"line":46,"column":4},"end":{"line":48,"column":null}},"27":{"start":{"line":47,"column":8},"end":{"line":47,"column":null}},"28":{"start":{"line":50,"column":27},"end":{"line":50,"column":null}},"29":{"start":{"line":51,"column":4},"end":{"line":53,"column":null}},"30":{"start":{"line":52,"column":8},"end":{"line":52,"column":null}},"31":{"start":{"line":55,"column":35},"end":{"line":55,"column":null}},"32":{"start":{"line":56,"column":4},"end":{"line":61,"column":null}},"33":{"start":{"line":57,"column":8},"end":{"line":57,"column":null}},"34":{"start":{"line":58,"column":8},"end":{"line":60,"column":null}},"35":{"start":{"line":59,"column":12},"end":{"line":59,"column":null}},"36":{"start":{"line":63,"column":35},"end":{"line":63,"column":null}},"37":{"start":{"line":64,"column":4},"end":{"line":69,"column":null}},"38":{"start":{"line":65,"column":8},"end":{"line":65,"column":null}},"39":{"start":{"line":66,"column":8},"end":{"line":68,"column":null}},"40":{"start":{"line":67,"column":12},"end":{"line":67,"column":null}},"41":{"start":{"line":71,"column":17},"end":{"line":71,"column":null}},"42":{"start":{"line":72,"column":17},"end":{"line":72,"column":null}},"43":{"start":{"line":74,"column":4},"end":{"line":74,"column":null}},"44":{"start":{"line":78,"column":35},"end":{"line":78,"column":59}},"45":{"start":{"line":79,"column":4},"end":{"line":81,"column":null}},"46":{"start":{"line":80,"column":8},"end":{"line":80,"column":null}},"47":{"start":{"line":82,"column":31},"end":{"line":82,"column":51}},"48":{"start":{"line":83,"column":4},"end":{"line":85,"column":null}},"49":{"start":{"line":84,"column":8},"end":{"line":84,"column":null}},"50":{"start":{"line":87,"column":19},"end":{"line":87,"column":null}},"51":{"start":{"line":89,"column":25},"end":{"line":89,"column":null}},"52":{"start":{"line":90,"column":4},"end":{"line":92,"column":null}},"53":{"start":{"line":91,"column":8},"end":{"line":91,"column":null}},"54":{"start":{"line":93,"column":4},"end":{"line":93,"column":null}},"55":{"start":{"line":95,"column":50},"end":{"line":95,"column":52}},"56":{"start":{"line":96,"column":4},"end":{"line":98,"column":null}},"57":{"start":{"line":97,"column":8},"end":{"line":97,"column":null}},"58":{"start":{"line":99,"column":4},"end":{"line":101,"column":null}},"59":{"start":{"line":100,"column":8},"end":{"line":100,"column":null}},"60":{"start":{"line":102,"column":22},"end":{"line":102,"column":86}},"61":{"start":{"line":103,"column":4},"end":{"line":103,"column":null}},"62":{"start":{"line":104,"column":4},"end":{"line":104,"column":null}},"63":{"start":{"line":105,"column":4},"end":{"line":107,"column":null}},"64":{"start":{"line":106,"column":8},"end":{"line":106,"column":null}},"65":{"start":{"line":109,"column":18},"end":{"line":109,"column":null}},"66":{"start":{"line":110,"column":4},"end":{"line":110,"column":null}},"67":{"start":{"line":111,"column":21},"end":{"line":111,"column":null}},"68":{"start":{"line":112,"column":4},"end":{"line":112,"column":null}},"69":{"start":{"line":114,"column":23},"end":{"line":114,"column":25}},"70":{"start":{"line":115,"column":4},"end":{"line":115,"column":null}},"71":{"start":{"line":116,"column":4},"end":{"line":116,"column":null}},"72":{"start":{"line":117,"column":4},"end":{"line":117,"column":null}},"73":{"start":{"line":119,"column":4},"end":{"line":119,"column":null}}},"fnMap":{"0":{"name":"generateMonsterSet","decl":{"start":{"line":10,"column":22},"end":{"line":10,"column":41}},"loc":{"start":{"line":10,"column":81},"end":{"line":32,"column":null}}},"1":{"name":"(anonymous_7)","decl":{"start":{"line":17,"column":40},"end":{"line":17,"column":41}},"loc":{"start":{"line":17,"column":47},"end":{"line":17,"column":null}}},"2":{"name":"(anonymous_8)","decl":{"start":{"line":21,"column":54},"end":{"line":21,"column":55}},"loc":{"start":{"line":21,"column":65},"end":{"line":21,"column":108}}},"3":{"name":"getRandomMonster","decl":{"start":{"line":34,"column":16},"end":{"line":34,"column":33}},"loc":{"start":{"line":34,"column":47},"end":{"line":39,"column":null}}},"4":{"name":"parseParams","decl":{"start":{"line":44,"column":16},"end":{"line":44,"column":28}},"loc":{"start":{"line":44,"column":70},"end":{"line":75,"column":null}}},"5":{"name":"generateEncounters","decl":{"start":{"line":77,"column":22},"end":{"line":77,"column":41}},"loc":{"start":{"line":77,"column":76},"end":{"line":120,"column":null}}}},"branchMap":{"0":{"loc":{"start":{"line":17,"column":47},"end":{"line":17,"column":null}},"type":"binary-expr","locations":[{"start":{"line":17,"column":47},"end":{"line":17,"column":59}},{"start":{"line":17,"column":59},"end":{"line":17,"column":null}}]},"1":{"loc":{"start":{"line":18,"column":8},"end":{"line":18,"column":41}},"type":"if","locations":[{"start":{"line":18,"column":8},"end":{"line":18,"column":41}},{"start":{},"end":{}}]},"2":{"loc":{"start":{"line":22,"column":8},"end":{"line":27,"column":null}},"type":"if","locations":[{"start":{"line":22,"column":8},"end":{"line":27,"column":null}},{"start":{"line":25,"column":15},"end":{"line":27,"column":null}}]},"3":{"loc":{"start":{"line":45,"column":34},"end":{"line":45,"column":null}},"type":"binary-expr","locations":[{"start":{"line":45,"column":34},"end":{"line":45,"column":54}},{"start":{"line":45,"column":54},"end":{"line":45,"column":null}}]},"4":{"loc":{"start":{"line":46,"column":4},"end":{"line":48,"column":null}},"type":"if","locations":[{"start":{"line":46,"column":4},"end":{"line":48,"column":null}},{"start":{},"end":{}}]},"5":{"loc":{"start":{"line":46,"column":8},"end":{"line":46,"column":111}},"type":"binary-expr","locations":[{"start":{"line":46,"column":8},"end":{"line":46,"column":41}},{"start":{"line":46,"column":41},"end":{"line":46,"column":74}},{"start":{"line":46,"column":78},"end":{"line":46,"column":111}}]},"6":{"loc":{"start":{"line":51,"column":4},"end":{"line":53,"column":null}},"type":"if","locations":[{"start":{"line":51,"column":4},"end":{"line":53,"column":null}},{"start":{},"end":{}}]},"7":{"loc":{"start":{"line":51,"column":8},"end":{"line":51,"column":130}},"type":"binary-expr","locations":[{"start":{"line":51,"column":8},"end":{"line":51,"column":46}},{"start":{"line":51,"column":46},"end":{"line":51,"column":86}},{"start":{"line":51,"column":90},"end":{"line":51,"column":130}}]},"8":{"loc":{"start":{"line":56,"column":4},"end":{"line":61,"column":null}},"type":"if","locations":[{"start":{"line":56,"column":4},"end":{"line":61,"column":null}},{"start":{},"end":{}}]},"9":{"loc":{"start":{"line":58,"column":8},"end":{"line":60,"column":null}},"type":"if","locations":[{"start":{"line":58,"column":8},"end":{"line":60,"column":null}},{"start":{},"end":{}}]},"10":{"loc":{"start":{"line":58,"column":12},"end":{"line":58,"column":60}},"type":"binary-expr","locations":[{"start":{"line":58,"column":12},"end":{"line":58,"column":45}},{"start":{"line":58,"column":45},"end":{"line":58,"column":60}}]},"11":{"loc":{"start":{"line":64,"column":4},"end":{"line":69,"column":null}},"type":"if","locations":[{"start":{"line":64,"column":4},"end":{"line":69,"column":null}},{"start":{},"end":{}}]},"12":{"loc":{"start":{"line":66,"column":8},"end":{"line":68,"column":null}},"type":"if","locations":[{"start":{"line":66,"column":8},"end":{"line":68,"column":null}},{"start":{},"end":{}}]},"13":{"loc":{"start":{"line":66,"column":12},"end":{"line":66,"column":61}},"type":"binary-expr","locations":[{"start":{"line":66,"column":12},"end":{"line":66,"column":45}},{"start":{"line":66,"column":45},"end":{"line":66,"column":61}}]},"14":{"loc":{"start":{"line":71,"column":17},"end":{"line":71,"column":null}},"type":"cond-expr","locations":[{"start":{"line":71,"column":76},"end":{"line":71,"column":86}},{"start":{"line":71,"column":89},"end":{"line":71,"column":null}}]},"15":{"loc":{"start":{"line":71,"column":17},"end":{"line":71,"column":76}},"type":"binary-expr","locations":[{"start":{"line":71,"column":17},"end":{"line":71,"column":52}},{"start":{"line":71,"column":52},"end":{"line":71,"column":76}}]},"16":{"loc":{"start":{"line":72,"column":17},"end":{"line":72,"column":null}},"type":"cond-expr","locations":[{"start":{"line":72,"column":76},"end":{"line":72,"column":86}},{"start":{"line":72,"column":89},"end":{"line":72,"column":null}}]},"17":{"loc":{"start":{"line":72,"column":17},"end":{"line":72,"column":76}},"type":"binary-expr","locations":[{"start":{"line":72,"column":17},"end":{"line":72,"column":52}},{"start":{"line":72,"column":52},"end":{"line":72,"column":76}}]},"18":{"loc":{"start":{"line":79,"column":4},"end":{"line":81,"column":null}},"type":"if","locations":[{"start":{"line":79,"column":4},"end":{"line":81,"column":null}},{"start":{},"end":{}}]},"19":{"loc":{"start":{"line":83,"column":4},"end":{"line":85,"column":null}},"type":"if","locations":[{"start":{"line":83,"column":4},"end":{"line":85,"column":null}},{"start":{},"end":{}}]},"20":{"loc":{"start":{"line":90,"column":4},"end":{"line":92,"column":null}},"type":"if","locations":[{"start":{"line":90,"column":4},"end":{"line":92,"column":null}},{"start":{},"end":{}}]},"21":{"loc":{"start":{"line":96,"column":4},"end":{"line":98,"column":null}},"type":"if","locations":[{"start":{"line":96,"column":4},"end":{"line":98,"column":null}},{"start":{},"end":{}}]},"22":{"loc":{"start":{"line":99,"column":4},"end":{"line":101,"column":null}},"type":"if","locations":[{"start":{"line":99,"column":4},"end":{"line":101,"column":null}},{"start":{},"end":{}}]},"23":{"loc":{"start":{"line":102,"column":22},"end":{"line":102,"column":86}},"type":"binary-expr","locations":[{"start":{"line":102,"column":22},"end":{"line":102,"column":38}},{"start":{"line":102,"column":42},"end":{"line":102,"column":86}}]},"24":{"loc":{"start":{"line":105,"column":4},"end":{"line":107,"column":null}},"type":"if","locations":[{"start":{"line":105,"column":4},"end":{"line":107,"column":null}},{"start":{},"end":{}}]},"25":{"loc":{"start":{"line":109,"column":18},"end":{"line":109,"column":null}},"type":"cond-expr","locations":[{"start":{"line":109,"column":38},"end":{"line":109,"column":61}},{"start":{"line":109,"column":61},"end":{"line":109,"column":null}}]}},"s":{"0":9,"1":5,"2":3,"3":14,"4":1,"5":1,"6":23,"7":23,"8":23,"9":27,"10":11,"11":27,"12":18,"13":9,"14":9,"15":5,"16":9,"17":5,"18":4,"19":9,"20":23,"21":12,"22":12,"23":1,"24":1,"25":21,"26":21,"27":2,"28":19,"29":19,"30":3,"31":16,"32":16,"33":3,"34":3,"35":1,"36":15,"37":15,"38":4,"39":4,"40":2,"41":13,"42":13,"43":13,"44":9,"45":9,"46":1,"47":8,"48":8,"49":1,"50":7,"51":7,"52":7,"53":1,"54":6,"55":6,"56":6,"57":1,"58":6,"59":1,"60":6,"61":6,"62":6,"63":6,"64":1,"65":6,"66":6,"67":6,"68":6,"69":6,"70":6,"71":6,"72":6,"73":6},"f":{"0":23,"1":11,"2":5,"3":12,"4":21,"5":9},"b":{"0":[11,10],"1":[18,9],"2":[5,4],"3":[21,1],"4":[2,19],"5":[21,21,20],"6":[3,16],"7":[19,18,17],"8":[3,13],"9":[1,2],"10":[3,3],"11":[4,11],"12":[2,2],"13":[4,4],"14":[2,11],"15":[13,3],"16":[2,11],"17":[13,3],"18":[1,8],"19":[1,7],"20":[1,6],"21":[1,5],"22":[1,5],"23":[6,5],"24":[1,5],"25":[6,0]}}
}
