TN:
SF:src/app.ts
FN:16,(anonymous_2)
FN:27,(anonymous_3)
FN:32,(anonymous_4)
FN:45,(anonymous_5)
FN:58,(anonymous_6)
FNF:5
FNH:4
FNDA:6,(anonymous_2)
FNDA:1,(anonymous_3)
FNDA:2,(anonymous_4)
FNDA:2,(anonymous_5)
FNDA:0,(anonymous_6)
DA:1,1
DA:2,1
DA:3,1
DA:5,1
DA:7,1
DA:8,1
DA:10,1
DA:12,1
DA:16,1
DA:17,6
DA:18,6
DA:19,5
DA:21,1
DA:22,1
DA:27,1
DA:28,1
DA:32,1
DA:33,2
DA:34,2
DA:35,1
DA:37,1
DA:38,1
DA:40,1
DA:41,1
DA:45,1
DA:46,2
DA:47,2
DA:49,1
DA:50,1
DA:57,1
DA:58,0
DA:59,0
DA:63,1
LF:33
LH:31
BRDA:8,0,0,1
BRDA:8,0,1,1
BRDA:34,1,0,1
BRDA:34,1,1,1
BRDA:57,2,0,0
BRDA:57,2,1,1
BRF:6
BRH:5
end_of_record
TN:
SF:src/models/encounter.ts
FN:4,(anonymous_1)
FNF:1
FNH:1
FNDA:1,(anonymous_1)
DA:3,1
DA:4,1
LF:2
LH:2
BRF:0
BRH:0
end_of_record
TN:
SF:src/models/monster.ts
FN:4,(anonymous_1)
FNF:1
FNH:1
FNDA:11,(anonymous_1)
DA:3,11
DA:4,11
LF:2
LH:2
BRF:0
BRH:0
end_of_record
TN:
SF:src/models/parameters.ts
FN:2,(anonymous_1)
FNF:1
FNH:1
FNDA:15,(anonymous_1)
DA:1,15
DA:3,15
DA:4,15
DA:5,15
DA:6,15
DA:7,15
DA:8,15
LF:7
LH:7
BRF:0
BRH:0
end_of_record
TN:
SF:src/services/database.service.ts
FN:13,ensureDatabaseConnection
FN:15,(anonymous_8)
FN:24,connectToDatabase
FNF:3
FNH:3
FNDA:4,ensureDatabaseConnection
FNDA:1,(anonymous_8)
FNDA:5,connectToDatabase
DA:2,4
DA:3,4
DA:5,4
DA:7,4
DA:13,4
DA:14,4
DA:15,3
DA:16,1
DA:17,1
DA:20,4
DA:24,2
DA:25,5
DA:27,5
DA:28,5
DA:29,5
DA:30,5
DA:32,5
DA:33,1
DA:36,4
DA:44,4
DA:46,3
DA:48,3
DA:49,3
DA:51,3
DA:52,3
DA:54,3
LF:26
LH:26
BRDA:14,0,0,3
BRDA:14,0,1,1
BRDA:32,1,0,1
BRDA:32,1,1,4
BRDA:32,2,0,5
BRDA:32,2,1,4
BRDA:32,2,2,4
BRDA:32,2,3,4
BRF:8
BRH:8
end_of_record
TN:
SF:src/services/encounter.service.ts
FN:10,generateMonsterSet
FN:17,(anonymous_7)
FN:21,(anonymous_8)
FN:34,getRandomMonster
FN:44,parseParams
FN:77,generateEncounters
FNF:6
FNH:6
FNDA:23,generateMonsterSet
FNDA:11,(anonymous_7)
FNDA:5,(anonymous_8)
FNDA:12,getRandomMonster
FNDA:21,parseParams
FNDA:9,generateEncounters
DA:2,1
DA:3,1
DA:10,5
DA:11,23
DA:12,23
DA:14,23
DA:17,27
DA:18,27
DA:19,9
DA:21,9
DA:22,9
DA:24,5
DA:26,4
DA:28,9
DA:31,23
DA:34,3
DA:37,12
DA:38,12
DA:41,1
DA:42,1
DA:44,14
DA:45,21
DA:46,21
DA:47,2
DA:50,19
DA:51,19
DA:52,3
DA:55,16
DA:56,16
DA:57,3
DA:58,3
DA:59,1
DA:63,15
DA:64,15
DA:65,4
DA:66,4
DA:67,2
DA:71,13
DA:72,13
DA:74,13
DA:77,9
DA:78,9
DA:79,9
DA:80,1
DA:82,8
DA:83,8
DA:84,1
DA:87,7
DA:89,7
DA:90,7
DA:91,1
DA:93,6
DA:95,6
DA:96,6
DA:97,1
DA:99,6
DA:100,1
DA:102,6
DA:103,6
DA:104,6
DA:105,6
DA:106,1
DA:109,6
DA:110,6
DA:111,6
DA:112,6
DA:114,6
DA:115,6
DA:116,6
DA:117,6
DA:119,6
LF:71
LH:71
BRDA:17,0,0,11
BRDA:17,0,1,10
BRDA:18,1,0,18
BRDA:18,1,1,9
BRDA:22,2,0,5
BRDA:22,2,1,4
BRDA:45,3,0,21
BRDA:45,3,1,1
BRDA:46,4,0,2
BRDA:46,4,1,19
BRDA:46,5,0,21
BRDA:46,5,1,21
BRDA:46,5,2,20
BRDA:51,6,0,3
BRDA:51,6,1,16
BRDA:51,7,0,19
BRDA:51,7,1,18
BRDA:51,7,2,17
BRDA:56,8,0,3
BRDA:56,8,1,13
BRDA:58,9,0,1
BRDA:58,9,1,2
BRDA:58,10,0,3
BRDA:58,10,1,3
BRDA:64,11,0,4
BRDA:64,11,1,11
BRDA:66,12,0,2
BRDA:66,12,1,2
BRDA:66,13,0,4
BRDA:66,13,1,4
BRDA:71,14,0,2
BRDA:71,14,1,11
BRDA:71,15,0,13
BRDA:71,15,1,3
BRDA:72,16,0,2
BRDA:72,16,1,11
BRDA:72,17,0,13
BRDA:72,17,1,3
BRDA:79,18,0,1
BRDA:79,18,1,8
BRDA:83,19,0,1
BRDA:83,19,1,7
BRDA:90,20,0,1
BRDA:90,20,1,6
BRDA:96,21,0,1
BRDA:96,21,1,5
BRDA:99,22,0,1
BRDA:99,22,1,5
BRDA:102,23,0,6
BRDA:102,23,1,5
BRDA:105,24,0,1
BRDA:105,24,1,5
BRDA:109,25,0,6
BRDA:109,25,1,0
BRF:54
BRH:53
end_of_record
